<?xml version="1.0" encoding="UTF-8"?>
<testng-results skipped="0" failed="0" total="6" passed="6">
  <reporter-output>
  </reporter-output>
  <suite name="Suite" duration-ms="213" started-at="2021-10-10T13:08:22Z" finished-at="2021-10-10T13:08:22Z">
    <groups>
    </groups>
    <test name="Test1" duration-ms="213" started-at="2021-10-10T13:08:22Z" finished-at="2021-10-10T13:08:22Z">
      <class name="testng.Test3">
        <test-method status="PASS" signature="test1()[pri:0, instance:testng.Test3@6500df86]" name="test1" duration-ms="2" started-at="2021-10-10T18:38:22Z" finished-at="2021-10-10T18:38:22Z">
          <reporter-output>
          </reporter-output>
        </test-method> <!-- test1 -->
        <test-method status="PASS" signature="test2()[pri:0, instance:testng.Test3@6500df86]" name="test2" duration-ms="2" started-at="2021-10-10T18:38:22Z" finished-at="2021-10-10T18:38:22Z">
          <reporter-output>
          </reporter-output>
        </test-method> <!-- test2 -->
      </class> <!-- testng.Test3 -->
      <class name="testng.Test1">
        <test-method status="PASS" signature="test1()[pri:0, instance:testng.Test1@4f7d0008]" name="test1" duration-ms="35" started-at="2021-10-10T18:38:22Z" finished-at="2021-10-10T18:38:22Z">
          <reporter-output>
          </reporter-output>
        </test-method> <!-- test1 -->
        <test-method status="PASS" signature="test2()[pri:0, instance:testng.Test1@4f7d0008]" name="test2" duration-ms="3" started-at="2021-10-10T18:38:22Z" finished-at="2021-10-10T18:38:22Z">
          <reporter-output>
          </reporter-output>
        </test-method> <!-- test2 -->
      </class> <!-- testng.Test1 -->
      <class name="testng.Test2">
        <test-method status="PASS" signature="test1()[pri:0, instance:testng.Test2@42dafa95]" name="test1" duration-ms="3" started-at="2021-10-10T18:38:22Z" finished-at="2021-10-10T18:38:22Z">
          <reporter-output>
          </reporter-output>
        </test-method> <!-- test1 -->
        <test-method status="PASS" signature="test2()[pri:0, instance:testng.Test2@42dafa95]" name="test2" duration-ms="6" started-at="2021-10-10T18:38:22Z" finished-at="2021-10-10T18:38:22Z">
          <reporter-output>
          </reporter-output>
        </test-method> <!-- test2 -->
      </class> <!-- testng.Test2 -->
    </test> <!-- Test1 -->
  </suite> <!-- Suite -->
</testng-results>
