<?xml version="1.0" encoding="UTF-8"?>
<!-- Generated by org.testng.reporters.JUnitXMLReporter -->
<testsuite hostname="LAPTOP-C1FCT89M" name="Command line test" tests="1" failures="1" timestamp="1 Nov 2021 04:31:39 GMT" time="37.285" errors="0">
  <testcase name="@AfterTest afterTest" time="0.0" classname="example.NewTest">
    <failure type="java.lang.NullPointerException">
      <![CDATA[java.lang.NullPointerException
	at example.NewTest.afterTest(NewTest.java:25)
... Removed 31 stack frames]]>
    </failure>
  </testcase> <!-- @AfterTest afterTest -->
  <testcase name="testEasy" time="0.006" classname="example.NewTest">
    <failure type="java.lang.NullPointerException">
      <![CDATA[java.lang.NullPointerException
	at example.NewTest.testEasy(NewTest.java:14)
... Removed 33 stack frames]]>
    </failure>
  </testcase> <!-- testEasy -->
</testsuite> <!-- Command line test -->
